This is pdfTeX, Version 3.1415926-1.40.10 (TeX Live 2009/Debian) (format=pdflatex 2013.11.7)  13 JUL 2015 13:09
entering extended mode
 %&-line parsing enabled.
**HRT15-neu-06-07-2015.tex
(./HRT15-neu-06-07-2015.tex
LaTeX2e <2009/09/24>
Babel <v3.8l> and hyphenation patterns for english, usenglishmax, dumylang, noh
yphenation, farsi, arabic, croatian, bulgarian, ukrainian, russian, czech, slov
ak, danish, dutch, finnish, french, basque, ngerman, german, german-x-2009-06-1
9, ngerman-x-2009-06-19, ibycus, monogreek, greek, ancientgreek, hungarian, san
skrit, italian, latin, latvian, lithuanian, mongolian2a, mongolian, bokmal, nyn
orsk, romanian, irish, coptic, serbian, turkish, welsh, esperanto, uppersorbian
, estonian, indonesian, interlingua, icelandic, kurmanji, slovenian, polish, po
rtuguese, spanish, galician, catalan, swedish, ukenglish, pinyin, loaded.
(./svjour3.cls
Document Class: svjour3 2010/11/25 v3.3 
LaTeX document class for Springer journals
Class Springer-SVJour3 Info: extra/valid Springer sub-package (-> *.clo) 
(Springer-SVJour3)           not found in option list of \documentclass
(Springer-SVJour3)           - autoactivating "global" style.
(./svglov3.clo
File: svglov3.clo 2009/12/18 v3.2 style option for standardised journals

SVJour Class option: svglov3.clo for standardised journals
)
LaTeX Font Info:    Redeclaring math symbol \Gamma on input line 147.
LaTeX Font Info:    Redeclaring math symbol \Delta on input line 148.
LaTeX Font Info:    Redeclaring math symbol \Theta on input line 149.
LaTeX Font Info:    Redeclaring math symbol \Lambda on input line 150.
LaTeX Font Info:    Redeclaring math symbol \Xi on input line 151.
LaTeX Font Info:    Redeclaring math symbol \Pi on input line 152.
LaTeX Font Info:    Redeclaring math symbol \Sigma on input line 153.
LaTeX Font Info:    Redeclaring math symbol \Upsilon on input line 154.
LaTeX Font Info:    Redeclaring math symbol \Phi on input line 155.
LaTeX Font Info:    Redeclaring math symbol \Psi on input line 156.
LaTeX Font Info:    Redeclaring math symbol \Omega on input line 157.
\logodepth=\dimen102
\headerboxheight=\dimen103
\betweenumberspace=\dimen104
\aftertext=\dimen105
\headlineindent=\dimen106
\c@inst=\count79
\c@auth=\count80
\instindent=\dimen107
\authrun=\box26
\authorrunning=\toks14
\titrun=\box27
\titlerunning=\toks15
\combirun=\box28
\c@lastpage=\count81
\rubricwidth=\dimen108
\c@section=\count82
\c@subsection=\count83
\c@subsubsection=\count84
\c@paragraph=\count85
\c@subparagraph=\count86
\spthmsep=\dimen109
\c@theorem=\count87
\c@case=\count88
\c@conjecture=\count89
\c@corollary=\count90
\c@definition=\count91
\c@example=\count92
\c@exercise=\count93
\c@lemma=\count94
\c@note=\count95
\c@problem=\count96
\c@property=\count97
\c@proposition=\count98
\c@question=\count99
\c@solution=\count100
\c@remark=\count101
\c@figure=\count102
\c@table=\count103
\abovecaptionskip=\skip41
\belowcaptionskip=\skip42
\figcapgap=\dimen110
\tabcapgap=\dimen111
\figgap=\dimen112
\bibindent=\dimen113
\@tempcntc=\count104
) (/usr/share/texmf/tex/latex/pgf/frontendlayer/tikz.sty
(/usr/share/texmf/tex/latex/pgf/basiclayer/pgf.sty
(/usr/share/texmf/tex/latex/pgf/utilities/pgfrcs.sty
(/usr/share/texmf/tex/generic/pgf/utilities/pgfutil-common.tex
\pgfutil@everybye=\toks16
)
(/usr/share/texmf/tex/generic/pgf/utilities/pgfutil-latex.def
\pgfutil@abb=\box29

(/usr/share/texmf-texlive/tex/latex/ms/everyshi.sty
Package: everyshi 2001/05/15 v3.00 EveryShipout Package (MS)
))
(/usr/share/texmf/tex/generic/pgf/utilities/pgfrcs.code.tex
Package: pgfrcs 2010/10/25 v2.10 (rcs-revision 1.24)
))
Package: pgf 2008/01/15 v2.10 (rcs-revision 1.12)

(/usr/share/texmf/tex/latex/pgf/basiclayer/pgfcore.sty
(/usr/share/texmf-texlive/tex/latex/graphics/graphicx.sty
Package: graphicx 1999/02/16 v1.0f Enhanced LaTeX Graphics (DPC,SPQR)

(/usr/share/texmf-texlive/tex/latex/graphics/keyval.sty
Package: keyval 1999/03/16 v1.13 key=value parser (DPC)
\KV@toks@=\toks17
)
(/usr/share/texmf-texlive/tex/latex/graphics/graphics.sty
Package: graphics 2009/02/05 v1.0o Standard LaTeX Graphics (DPC,SPQR)

(/usr/share/texmf-texlive/tex/latex/graphics/trig.sty
Package: trig 1999/03/16 v1.09 sin cos tan (DPC)
)
(/etc/texmf/tex/latex/config/graphics.cfg
File: graphics.cfg 2009/08/28 v1.8 graphics configuration of TeX Live
)
Package graphics Info: Driver file: pdftex.def on input line 91.

(/usr/share/texmf-texlive/tex/latex/pdftex-def/pdftex.def
File: pdftex.def 2010/03/12 v0.04p Graphics/color for pdfTeX
\Gread@gobject=\count105
))
\Gin@req@height=\dimen114
\Gin@req@width=\dimen115
)
(/usr/share/texmf/tex/latex/pgf/systemlayer/pgfsys.sty
(/usr/share/texmf/tex/generic/pgf/systemlayer/pgfsys.code.tex
Package: pgfsys 2010/06/30 v2.10 (rcs-revision 1.37)

(/usr/share/texmf/tex/generic/pgf/utilities/pgfkeys.code.tex
\pgfkeys@pathtoks=\toks18
\pgfkeys@temptoks=\toks19

(/usr/share/texmf/tex/generic/pgf/utilities/pgfkeysfiltered.code.tex
\pgfkeys@tmptoks=\toks20
))
\pgf@x=\dimen116
\pgf@y=\dimen117
\pgf@xa=\dimen118
\pgf@ya=\dimen119
\pgf@xb=\dimen120
\pgf@yb=\dimen121
\pgf@xc=\dimen122
\pgf@yc=\dimen123
\w@pgf@writea=\write3
\r@pgf@reada=\read1
\c@pgf@counta=\count106
\c@pgf@countb=\count107
\c@pgf@countc=\count108
\c@pgf@countd=\count109

(/usr/share/texmf/tex/generic/pgf/systemlayer/pgf.cfg
File: pgf.cfg 2008/05/14  (rcs-revision 1.7)
)
Package pgfsys Info: Driver file for pgf: pgfsys-pdftex.def on input line 900.

(/usr/share/texmf/tex/generic/pgf/systemlayer/pgfsys-pdftex.def
File: pgfsys-pdftex.def 2009/05/22  (rcs-revision 1.26)

(/usr/share/texmf/tex/generic/pgf/systemlayer/pgfsys-common-pdf.def
File: pgfsys-common-pdf.def 2008/05/19  (rcs-revision 1.10)
)))
(/usr/share/texmf/tex/generic/pgf/systemlayer/pgfsyssoftpath.code.tex
File: pgfsyssoftpath.code.tex 2008/07/18  (rcs-revision 1.7)
\pgfsyssoftpath@smallbuffer@items=\count110
\pgfsyssoftpath@bigbuffer@items=\count111
)
(/usr/share/texmf/tex/generic/pgf/systemlayer/pgfsysprotocol.code.tex
File: pgfsysprotocol.code.tex 2006/10/16  (rcs-revision 1.4)
))
(/usr/share/texmf/tex/latex/xcolor/xcolor.sty
Package: xcolor 2007/01/21 v2.11 LaTeX color extensions (UK)

(/etc/texmf/tex/latex/config/color.cfg
File: color.cfg 2007/01/18 v1.5 color configuration of teTeX/TeXLive
)
Package xcolor Info: Driver file: pdftex.def on input line 225.
Package xcolor Info: Model `cmy' substituted by `cmy0' on input line 1337.
Package xcolor Info: Model `hsb' substituted by `rgb' on input line 1341.
Package xcolor Info: Model `RGB' extended on input line 1353.
Package xcolor Info: Model `HTML' substituted by `rgb' on input line 1355.
Package xcolor Info: Model `Hsb' substituted by `hsb' on input line 1356.
Package xcolor Info: Model `tHsb' substituted by `hsb' on input line 1357.
Package xcolor Info: Model `HSB' substituted by `hsb' on input line 1358.
Package xcolor Info: Model `Gray' substituted by `gray' on input line 1359.
Package xcolor Info: Model `wave' substituted by `hsb' on input line 1360.
)
(/usr/share/texmf/tex/generic/pgf/basiclayer/pgfcore.code.tex
Package: pgfcore 2010/04/11 v2.10 (rcs-revision 1.7)

(/usr/share/texmf/tex/generic/pgf/math/pgfmath.code.tex
(/usr/share/texmf/tex/generic/pgf/math/pgfmathcalc.code.tex
(/usr/share/texmf/tex/generic/pgf/math/pgfmathutil.code.tex)
(/usr/share/texmf/tex/generic/pgf/math/pgfmathparser.code.tex
\pgfmath@dimen=\dimen124
\pgfmath@count=\count112
\pgfmath@box=\box30
\pgfmath@toks=\toks21
\pgfmath@stack@operand=\toks22
\pgfmath@stack@operation=\toks23
)
(/usr/share/texmf/tex/generic/pgf/math/pgfmathfunctions.code.tex
(/usr/share/texmf/tex/generic/pgf/math/pgfmathfunctions.basic.code.tex)
(/usr/share/texmf/tex/generic/pgf/math/pgfmathfunctions.trigonometric.code.tex)
(/usr/share/texmf/tex/generic/pgf/math/pgfmathfunctions.random.code.tex)
(/usr/share/texmf/tex/generic/pgf/math/pgfmathfunctions.comparison.code.tex)
(/usr/share/texmf/tex/generic/pgf/math/pgfmathfunctions.base.code.tex)
(/usr/share/texmf/tex/generic/pgf/math/pgfmathfunctions.round.code.tex)
(/usr/share/texmf/tex/generic/pgf/math/pgfmathfunctions.misc.code.tex)))
(/usr/share/texmf/tex/generic/pgf/math/pgfmathfloat.code.tex
\c@pgfmathroundto@lastzeros=\count113
))
(/usr/share/texmf/tex/generic/pgf/basiclayer/pgfcorepoints.code.tex
File: pgfcorepoints.code.tex 2010/04/09  (rcs-revision 1.20)
\pgf@picminx=\dimen125
\pgf@picmaxx=\dimen126
\pgf@picminy=\dimen127
\pgf@picmaxy=\dimen128
\pgf@pathminx=\dimen129
\pgf@pathmaxx=\dimen130
\pgf@pathminy=\dimen131
\pgf@pathmaxy=\dimen132
\pgf@xx=\dimen133
\pgf@xy=\dimen134
\pgf@yx=\dimen135
\pgf@yy=\dimen136
\pgf@zx=\dimen137
\pgf@zy=\dimen138
)
(/usr/share/texmf/tex/generic/pgf/basiclayer/pgfcorepathconstruct.code.tex
File: pgfcorepathconstruct.code.tex 2010/08/03  (rcs-revision 1.24)
\pgf@path@lastx=\dimen139
\pgf@path@lasty=\dimen140
)
(/usr/share/texmf/tex/generic/pgf/basiclayer/pgfcorepathusage.code.tex
File: pgfcorepathusage.code.tex 2008/04/22  (rcs-revision 1.12)
\pgf@shorten@end@additional=\dimen141
\pgf@shorten@start@additional=\dimen142
)
(/usr/share/texmf/tex/generic/pgf/basiclayer/pgfcorescopes.code.tex
File: pgfcorescopes.code.tex 2010/09/08  (rcs-revision 1.34)
\pgfpic=\box31
\pgf@hbox=\box32
\pgf@layerbox@main=\box33
\pgf@picture@serial@count=\count114
)
(/usr/share/texmf/tex/generic/pgf/basiclayer/pgfcoregraphicstate.code.tex
File: pgfcoregraphicstate.code.tex 2008/04/22  (rcs-revision 1.9)
\pgflinewidth=\dimen143
)
(/usr/share/texmf/tex/generic/pgf/basiclayer/pgfcoretransformations.code.tex
File: pgfcoretransformations.code.tex 2009/06/10  (rcs-revision 1.11)
\pgf@pt@x=\dimen144
\pgf@pt@y=\dimen145
\pgf@pt@temp=\dimen146
)
(/usr/share/texmf/tex/generic/pgf/basiclayer/pgfcorequick.code.tex
File: pgfcorequick.code.tex 2008/10/09  (rcs-revision 1.3)
)
(/usr/share/texmf/tex/generic/pgf/basiclayer/pgfcoreobjects.code.tex
File: pgfcoreobjects.code.tex 2006/10/11  (rcs-revision 1.2)
)
(/usr/share/texmf/tex/generic/pgf/basiclayer/pgfcorepathprocessing.code.tex
File: pgfcorepathprocessing.code.tex 2008/10/09  (rcs-revision 1.8)
)
(/usr/share/texmf/tex/generic/pgf/basiclayer/pgfcorearrows.code.tex
File: pgfcorearrows.code.tex 2008/04/23  (rcs-revision 1.11)
)
(/usr/share/texmf/tex/generic/pgf/basiclayer/pgfcoreshade.code.tex
File: pgfcoreshade.code.tex 2008/11/23  (rcs-revision 1.13)
\pgf@max=\dimen147
\pgf@sys@shading@range@num=\count115
)
(/usr/share/texmf/tex/generic/pgf/basiclayer/pgfcoreimage.code.tex
File: pgfcoreimage.code.tex 2010/03/25  (rcs-revision 1.16)

(/usr/share/texmf/tex/generic/pgf/basiclayer/pgfcoreexternal.code.tex
File: pgfcoreexternal.code.tex 2010/09/01  (rcs-revision 1.17)
\pgfexternal@startupbox=\box34
))
(/usr/share/texmf/tex/generic/pgf/basiclayer/pgfcorelayers.code.tex
File: pgfcorelayers.code.tex 2010/08/27  (rcs-revision 1.2)
)
(/usr/share/texmf/tex/generic/pgf/basiclayer/pgfcoretransparency.code.tex
File: pgfcoretransparency.code.tex 2008/01/17  (rcs-revision 1.2)
)
(/usr/share/texmf/tex/generic/pgf/basiclayer/pgfcorepatterns.code.tex
File: pgfcorepatterns.code.tex 2009/07/02  (rcs-revision 1.3)
)))
(/usr/share/texmf/tex/generic/pgf/modules/pgfmoduleshapes.code.tex
File: pgfmoduleshapes.code.tex 2010/09/09  (rcs-revision 1.13)
\pgfnodeparttextbox=\box35
)
(/usr/share/texmf/tex/generic/pgf/modules/pgfmoduleplot.code.tex
File: pgfmoduleplot.code.tex 2010/10/22  (rcs-revision 1.8)
)
(/usr/share/texmf/tex/latex/pgf/compatibility/pgfcomp-version-0-65.sty
Package: pgfcomp-version-0-65 2007/07/03 v2.10 (rcs-revision 1.7)
\pgf@nodesepstart=\dimen148
\pgf@nodesepend=\dimen149
)
(/usr/share/texmf/tex/latex/pgf/compatibility/pgfcomp-version-1-18.sty
Package: pgfcomp-version-1-18 2007/07/23 v2.10 (rcs-revision 1.1)
))
(/usr/share/texmf/tex/latex/pgf/utilities/pgffor.sty
(/usr/share/texmf/tex/latex/pgf/utilities/pgfkeys.sty
(/usr/share/texmf/tex/generic/pgf/utilities/pgfkeys.code.tex))
(/usr/share/texmf/tex/generic/pgf/utilities/pgffor.code.tex
Package: pgffor 2010/03/23 v2.10 (rcs-revision 1.18)
\pgffor@iter=\dimen150
\pgffor@skip=\dimen151
\pgffor@stack=\toks24
\pgffor@toks=\toks25
))
(/usr/share/texmf/tex/generic/pgf/frontendlayer/tikz/tikz.code.tex
Package: tikz 2010/10/13 v2.10 (rcs-revision 1.76)

(/usr/share/texmf/tex/generic/pgf/libraries/pgflibraryplothandlers.code.tex
File: pgflibraryplothandlers.code.tex 2010/05/31 v2.10 (rcs-revision 1.15)
\pgf@plot@mark@count=\count116
\pgfplotmarksize=\dimen152
)
\tikz@lastx=\dimen153
\tikz@lasty=\dimen154
\tikz@lastxsaved=\dimen155
\tikz@lastysaved=\dimen156
\tikzleveldistance=\dimen157
\tikzsiblingdistance=\dimen158
\tikz@figbox=\box36
\tikz@tempbox=\box37
\tikztreelevel=\count117
\tikznumberofchildren=\count118
\tikznumberofcurrentchild=\count119
\tikz@fig@count=\count120

(/usr/share/texmf/tex/generic/pgf/modules/pgfmodulematrix.code.tex
File: pgfmodulematrix.code.tex 2010/08/24  (rcs-revision 1.4)
\pgfmatrixcurrentrow=\count121
\pgfmatrixcurrentcolumn=\count122
\pgf@matrix@numberofcolumns=\count123
)
\tikz@expandcount=\count124

(/usr/share/texmf/tex/generic/pgf/frontendlayer/tikz/libraries/tikzlibrarytopat
hs.code.tex
File: tikzlibrarytopaths.code.tex 2008/06/17 v2.10 (rcs-revision 1.2)
))) (/usr/share/texmf-texlive/tex/latex/subfigure/subfigure.sty
Package: subfigure 2002/03/15 v2.1.5 subfigure package
\subfigtopskip=\skip43
\subfigcapskip=\skip44
\subfigcaptopadj=\dimen159
\subfigbottomskip=\skip45
\subfigcapmargin=\dimen160
\subfiglabelskip=\skip46
\c@subfigure=\count125
\c@lofdepth=\count126
\c@subtable=\count127
\c@lotdepth=\count128

****************************************
* Local config file subfigure.cfg used *
****************************************
(/usr/share/texmf-texlive/tex/latex/subfigure/subfigure.cfg)
\subfig@top=\skip47
\subfig@bottom=\skip48
)
(/usr/share/texmf-texlive/tex/latex/placeins/placeins.sty
Package: placeins 2005/04/18  v 2.2
)
(/usr/share/texmf-texlive/tex/latex/amsmath/amsmath.sty
Package: amsmath 2000/07/18 v2.13 AMS math features
\@mathmargin=\skip49

For additional information on amsmath, use the `?' option.
(/usr/share/texmf-texlive/tex/latex/amsmath/amstext.sty
Package: amstext 2000/06/29 v2.01

(/usr/share/texmf-texlive/tex/latex/amsmath/amsgen.sty
File: amsgen.sty 1999/11/30 v2.0
\@emptytoks=\toks26
\ex@=\dimen161
))
(/usr/share/texmf-texlive/tex/latex/amsmath/amsbsy.sty
Package: amsbsy 1999/11/29 v1.2d
\pmbraise@=\dimen162
)
(/usr/share/texmf-texlive/tex/latex/amsmath/amsopn.sty
Package: amsopn 1999/12/14 v2.01 operator names
)
\inf@bad=\count129
LaTeX Info: Redefining \frac on input line 211.
\uproot@=\count130
\leftroot@=\count131
LaTeX Info: Redefining \overline on input line 307.
\classnum@=\count132
\DOTSCASE@=\count133
LaTeX Info: Redefining \ldots on input line 379.
LaTeX Info: Redefining \dots on input line 382.
LaTeX Info: Redefining \cdots on input line 467.
\Mathstrutbox@=\box38
\strutbox@=\box39
\big@size=\dimen163
LaTeX Font Info:    Redeclaring font encoding OML on input line 567.
LaTeX Font Info:    Redeclaring font encoding OMS on input line 568.


Package amsmath Warning: Unable to redefine math accent \vec.

\macc@depth=\count134
\c@MaxMatrixCols=\count135
\dotsspace@=\muskip10
\c@parentequation=\count136
\dspbrk@lvl=\count137
\tag@help=\toks27
\row@=\count138
\column@=\count139
\maxfields@=\count140
\andhelp@=\toks28
\eqnshift@=\dimen164
\alignsep@=\dimen165
\tagshift@=\dimen166
\tagwidth@=\dimen167
\totwidth@=\dimen168
\lineht@=\dimen169
\@envbody=\toks29
\multlinegap=\skip50
\multlinetaggap=\skip51
\mathdisplay@stack=\toks30
LaTeX Info: Redefining \[ on input line 2666.
LaTeX Info: Redefining \] on input line 2667.
) (/usr/share/texmf-texlive/tex/latex/amsfonts/amssymb.sty
Package: amssymb 2009/06/22 v3.00

(/usr/share/texmf-texlive/tex/latex/amsfonts/amsfonts.sty
Package: amsfonts 2009/06/22 v3.00 Basic AMSFonts support
\symAMSa=\mathgroup4
\symAMSb=\mathgroup5
LaTeX Font Info:    Overwriting math alphabet `\mathfrak' in version `bold'
(Font)                  U/euf/m/n --> U/euf/b/n on input line 96.
))
(/usr/share/texmf-texlive/tex/latex/ltxmisc/a4wide.sty
Package: a4wide 1994/08/30

(/usr/share/texmf-texlive/tex/latex/ntgclass/a4.sty
Package: a4 2004/04/15 v1.2g A4 based page layout
))
(/usr/share/texmf-texlive/tex/latex/comment/comment.sty
\CommentStream=\write4

Excluding comment 'comment')
\c@algorithm=\count141
 (./HRT15-neu-06-07-2015.aux)
\openout1 = `HRT15-neu-06-07-2015.aux'.

LaTeX Font Info:    Checking defaults for OML/cmm/m/it on input line 32.
LaTeX Font Info:    ... okay on input line 32.
LaTeX Font Info:    Checking defaults for T1/cmr/m/n on input line 32.
LaTeX Font Info:    ... okay on input line 32.
LaTeX Font Info:    Checking defaults for OT1/cmr/m/n on input line 32.
LaTeX Font Info:    ... okay on input line 32.
LaTeX Font Info:    Checking defaults for OMS/cmsy/m/n on input line 32.
LaTeX Font Info:    ... okay on input line 32.
LaTeX Font Info:    Checking defaults for OMX/cmex/m/n on input line 32.
LaTeX Font Info:    ... okay on input line 32.
LaTeX Font Info:    Checking defaults for U/cmr/m/n on input line 32.
LaTeX Font Info:    ... okay on input line 32.

ABD: EveryShipout initializing macros
(/usr/share/texmf-texlive/tex/context/base/supp-pdf.mkii
[Loading MPS to PDF converter (version 2006.09.02).]
\scratchcounter=\count142
\scratchdimen=\dimen170
\scratchbox=\box40
\nofMPsegments=\count143
\nofMParguments=\count144
\everyMPshowfont=\toks31
\MPscratchCnt=\count145
\MPscratchDim=\dimen171
\MPnumerator=\count146
\everyMPtoPDFconversion=\toks32
)

LaTeX Font Warning: Font shape `OT1/cmr/bx/n' in size <13> not available
(Font)              size <12> substituted on input line 43.

LaTeX Font Info:    Try loading font information for U+msa on input line 43.
(/usr/share/texmf-texlive/tex/latex/amsfonts/umsa.fd
File: umsa.fd 2009/06/22 v3.00 AMS symbols A
)
LaTeX Font Info:    Try loading font information for U+msb on input line 43.

(/usr/share/texmf-texlive/tex/latex/amsfonts/umsb.fd
File: umsb.fd 2009/06/22 v3.00 AMS symbols B
)

LaTeX Warning: Citation `Hal80' on page 1 undefined on input line 70.


LaTeX Warning: Citation `GY92' on page 1 undefined on input line 91.


LaTeX Warning: Reference `fig:1' on page 1 undefined on input line 93.

(./figures/fig1.tex)

LaTeX Warning: Citation `3' on page 1 undefined on input line 104.

[1{/var/lib/texmf/fonts/map/pdftex/updmap/pdftex.map}]

LaTeX Warning: Citation `4' on page 2 undefined on input line 107.


LaTeX Warning: Citation `5' on page 2 undefined on input line 107.


LaTeX Warning: Citation `6' on page 2 undefined on input line 108.


LaTeX Warning: Citation `CEHZ' on page 2 undefined on input line 121.


LaTeX Warning: Citation `L' on page 2 undefined on input line 121.


LaTeX Warning: Citation `LMZ' on page 2 undefined on input line 121.


LaTeX Warning: Citation `HT' on page 2 undefined on input line 121.


LaTeX Warning: Reference `sec:IP' on page 2 undefined on input line 124.


LaTeX Warning: Citation `GY92' on page 2 undefined on input line 132.


LaTeX Warning: Citation `7' on page 2 undefined on input line 134.


LaTeX Warning: Citation `8' on page 2 undefined on input line 134.


LaTeX Warning: Citation `9' on page 2 undefined on input line 134.


LaTeX Warning: Citation `10' on page 2 undefined on input line 136.


LaTeX Warning: Citation `11' on page 2 undefined on input line 136.


LaTeX Warning: Citation `12' on page 2 undefined on input line 136.

[2]

LaTeX Warning: Reference `ip:1' on page 3 undefined on input line 156.


LaTeX Warning: Reference `ip:2' on page 3 undefined on input line 158.


LaTeX Warning: Citation `13' on page 3 undefined on input line 205.

[3]

LaTeX Warning: Reference `ip:2' on page 4 undefined on input line 215.


LaTeX Warning: Reference `fig:2' on page 4 undefined on input line 236.

(./figures/fig2.tex
Overfull \hbox (19.02585pt too wide) in paragraph at lines 181--184
[][] 
 []

)

LaTeX Warning: Citation `hex1' on page 4 undefined on input line 245.


LaTeX Warning: Citation `hex2' on page 4 undefined on input line 245.


LaTeX Warning: Citation `hex3' on page 4 undefined on input line 245.


LaTeX Warning: Citation `hex4' on page 4 undefined on input line 245.


LaTeX Warning: Citation `hex5' on page 4 undefined on input line 245.


LaTeX Warning: Reference `fig:2' on page 4 undefined on input line 250.


LaTeX Warning: Reference `fig:1' on page 4 undefined on input line 254.

[4]

LaTeX Warning: Reference `fig:2' on page 5 undefined on input line 309.


LaTeX Warning: Citation `Cpl15' on page 5 undefined on input line 310.


LaTeX Warning: Reference `ip:1' on page 5 undefined on input line 316.


LaTeX Warning: Reference `ip:4' on page 5 undefined on input line 316.


LaTeX Warning: Reference `tab:00' on page 5 undefined on input line 318.


LaTeX Warning: Reference `ip:1' on page 5 undefined on input line 343.


LaTeX Warning: Reference `ip:4' on page 5 undefined on input line 343.


LaTeX Warning: Reference `tab:01' on page 5 undefined on input line 347.


LaTeX Warning: `h' float specifier changed to `ht'.


LaTeX Warning: Reference `ip:1' on page 5 undefined on input line 376.


LaTeX Warning: Reference `ip:4' on page 5 undefined on input line 376.

[5]

LaTeX Warning: Reference `tab:2' on page 6 undefined on input line 384.


LaTeX Warning: Reference `tab:2' on page 6 undefined on input line 415.

[6]

LaTeX Warning: Reference `tab:3' on page 7 undefined on input line 455.


LaTeX Warning: Reference `tab:1' on page 7 undefined on input line 458.


LaTeX Warning: Reference `fig:3' on page 7 undefined on input line 484.

(./figures/fig3.tex
<figures/Triang_Lattice_L21_gap.png, id=43, 363.60844pt x 219.06844pt>
File: figures/Triang_Lattice_L21_gap.png Graphic file (type png)

<use figures/Triang_Lattice_L21_gap.png>
<figures/Triang_Lattice_L321_gap.png, id=45, 363.60844pt x 219.06844pt>
File: figures/Triang_Lattice_L321_gap.png Graphic file (type png)

<use figures/Triang_Lattice_L321_gap.png>)
Underfull \vbox (badness 1521) has occurred while \output is active []

 [7 <./figures/Triang_Lattice_L21_gap.png> <./figures/Triang_Lattice_L321_gap.p
ng>]

LaTeX Warning: Reference `tab:4' on page 8 undefined on input line 521.


LaTeX Warning: Reference `tab:1' on page 8 undefined on input line 521.


LaTeX Warning: Reference `tab:1' on page 8 undefined on input line 523.


LaTeX Warning: Reference `tab:5' on page 8 undefined on input line 658.

[8]

LaTeX Warning: Reference `tab:6' on page 9 undefined on input line 698.


LaTeX Warning: Reference `tab:7' on page 9 undefined on input line 698.


LaTeX Warning: Reference `tab:8' on page 9 undefined on input line 699.


LaTeX Warning: `h' float specifier changed to `ht'.

[9]
Missing character: There is no â in font cmr8!
Missing character: There is no € in font cmr8!
Missing character: There is no “ in font cmr8!
Missing character: There is no â in font cmr8!
Missing character: There is no € in font cmr8!
Missing character: There is no “ in font cmr8!
Missing character: There is no Ã in font cmr8!
Missing character: There is no ­ in font cmr8!
Missing character: There is no Ã in font cmr8!
Missing character: There is no ­ in font cmr8!
Missing character: There is no â in font cmr8!
Missing character: There is no € in font cmr8!
Missing character: There is no “ in font cmr8!
 [10] (./HRT15-neu-06-07-2015.aux)

LaTeX Font Warning: Size substitutions with differences
(Font)              up to 1.0pt have occurred.


LaTeX Warning: There were undefined references.


LaTeX Warning: Label(s) may have changed. Rerun to get cross-references right.

 ) 
Here is how much of TeX's memory you used:
 10896 strings out of 493848
 196234 string characters out of 1152823
 291277 words of memory out of 3000000
 13944 multiletter control sequences out of 15000+50000
 13288 words of font info for 50 fonts, out of 3000000 for 9000
 714 hyphenation exceptions out of 8191
 56i,12n,55p,560b,695s stack positions out of 5000i,500n,10000p,200000b,50000s
</usr/share/texmf-texlive/fonts/type1/public/amsfonts/cm/cmbsy10.pfb></usr/sh
are/texmf-texlive/fonts/type1/public/amsfonts/cm/cmbx10.pfb></usr/share/texmf-t
exlive/fonts/type1/public/amsfonts/cm/cmbx12.pfb></usr/share/texmf-texlive/font
s/type1/public/amsfonts/cm/cmbx8.pfb></usr/share/texmf-texlive/fonts/type1/publ
ic/amsfonts/cm/cmex10.pfb></usr/share/texmf-texlive/fonts/type1/public/amsfonts
/cm/cmmi10.pfb></usr/share/texmf-texlive/fonts/type1/public/amsfonts/cm/cmmi5.p
fb></usr/share/texmf-texlive/fonts/type1/public/amsfonts/cm/cmmi6.pfb></usr/sha
re/texmf-texlive/fonts/type1/public/amsfonts/cm/cmmi7.pfb></usr/share/texmf-tex
live/fonts/type1/public/amsfonts/cm/cmmi8.pfb></usr/share/texmf-texlive/fonts/t
ype1/public/amsfonts/cm/cmr10.pfb></usr/share/texmf-texlive/fonts/type1/public/
amsfonts/cm/cmr5.pfb></usr/share/texmf-texlive/fonts/type1/public/amsfonts/cm/c
mr6.pfb></usr/share/texmf-texlive/fonts/type1/public/amsfonts/cm/cmr7.pfb></usr
/share/texmf-texlive/fonts/type1/public/amsfonts/cm/cmr8.pfb></usr/share/texmf-
texlive/fonts/type1/public/amsfonts/cm/cmsy10.pfb></usr/share/texmf-texlive/fon
ts/type1/public/amsfonts/cm/cmsy7.pfb></usr/share/texmf-texlive/fonts/type1/pub
lic/amsfonts/cm/cmsy8.pfb></usr/share/texmf-texlive/fonts/type1/public/amsfonts
/cm/cmti10.pfb></usr/share/texmf-texlive/fonts/type1/public/amsfonts/cm/cmti8.p
fb></usr/share/texmf-texlive/fonts/type1/public/amsfonts/cm/cmtt8.pfb></usr/sha
re/texmf-texlive/fonts/type1/public/amsfonts/symbols/msbm10.pfb>
Output written on HRT15-neu-06-07-2015.pdf (10 pages, 307968 bytes).
PDF statistics:
 131 PDF objects out of 1000 (max. 8388607)
 0 named destinations out of 1000 (max. 500000)
 23 words of extra memory for PDF output out of 10000 (max. 10000000)

